Arguments: 
  /Users/gperlman/.nvm/versions/node/v8.12.0/bin/node /usr/local/Cellar/yarn/1.12.3/libexec/bin/yarn.js add @types/use-debounce

PATH: 
  /Users/gperlman/.cargo/bin:/Users/gperlman/.nvm/versions/node/v8.12.0/bin:/Users/gperlman/bin:/usr/local/bin:/usr/bin:/bin:/usr/sbin:/sbin

Yarn version: 
  1.12.3

Node version: 
  8.12.0

Platform: 
  darwin x64

Trace: 
  Error: https://registry.yarnpkg.com/@types%2fuse-debounce: Not found
      at Request.params.callback [as _callback] (/usr/local/Cellar/yarn/1.12.3/libexec/lib/cli.js:65894:18)
      at Request.self.callback (/usr/local/Cellar/yarn/1.12.3/libexec/lib/cli.js:129018:22)
      at emitTwo (events.js:126:13)
      at Request.emit (events.js:214:7)
      at Request.<anonymous> (/usr/local/Cellar/yarn/1.12.3/libexec/lib/cli.js:129990:10)
      at emitOne (events.js:116:13)
      at Request.emit (events.js:211:7)
      at IncomingMessage.<anonymous> (/usr/local/Cellar/yarn/1.12.3/libexec/lib/cli.js:129912:12)
      at Object.onceWrapper (events.js:313:30)
      at emitNone (events.js:111:20)

npm manifest: 
  {
    "name": "markdown-editor",
    "version": "1.0.0",
    "description": "",
    "main": "index.js",
    "scripts": {
      "test": "echo \"Error: no test specified\" && exit 1"
    },
    "author": "",
    "license": "ISC",
    "devDependencies": {
      "eslint-config-prettier": "^6.0.0",
      "prettier": "^1.18.2"
    },
    "dependencies": {
      "use-debounce": "^2.2.0"
    }
  }

yarn manifest: 
  No manifest

Lockfile: 
  # THIS IS AN AUTOGENERATED FILE. DO NOT EDIT THIS FILE DIRECTLY.
  # yarn lockfile v1
  
  
  eslint-config-prettier@^6.0.0:
    version "6.0.0"
    resolved "https://registry.yarnpkg.com/eslint-config-prettier/-/eslint-config-prettier-6.0.0.tgz#f429a53bde9fc7660e6353910fd996d6284d3c25"
    integrity sha512-vDrcCFE3+2ixNT5H83g28bO/uYAwibJxerXPj+E7op4qzBCsAV36QfvdAyVOoNxKAH2Os/e01T/2x++V0LPukA==
    dependencies:
      get-stdin "^6.0.0"
  
  get-stdin@^6.0.0:
    version "6.0.0"
    resolved "https://registry.yarnpkg.com/get-stdin/-/get-stdin-6.0.0.tgz#9e09bf712b360ab9225e812048f71fde9c89657b"
    integrity sha512-jp4tHawyV7+fkkSKyvjuLZswblUtz+SQKzSWnBbii16BuZksJlU1wuBYXY75r+duh/llF1ur6oNwi+2ZzjKZ7g==
  
  prettier@^1.18.2:
    version "1.18.2"
    resolved "https://registry.yarnpkg.com/prettier/-/prettier-1.18.2.tgz#6823e7c5900017b4bd3acf46fe9ac4b4d7bda9ea"
    integrity sha512-OeHeMc0JhFE9idD4ZdtNibzY0+TPHSpSSb9h8FqtP+YnoZZ1sl8Vc9b1sasjfymH3SonAF4QcA2+mzHPhMvIiw==
  
  use-debounce@^2.2.0:
    version "2.2.0"
    resolved "https://registry.yarnpkg.com/use-debounce/-/use-debounce-2.2.0.tgz#e0822addf919d3e42c8831492e9239e4d7d8cc51"
    integrity sha512-DqUEtG4NlOT02M8NPH8W9B7rR036vae4YHg2X0ptGB82cqu01B8lQ1q+w0UgaKcVy6wiPC5n8Dov0Cqxf+ym8g==
